[2024-11-02T10:03:22.426Z] Dodano nowy plik: okok.jfif.crdownload
[2024-11-02T10:03:22.428Z] Zmieniono plik: okok.jfif.crdownload
[2024-11-02T10:03:22.446Z] Usunięto plik: okok.jfif.crdownload
[2024-11-02T10:03:22.447Z] Dodano nowy plik: okok.jfif
[2024-11-02T10:03:22.447Z] Zmieniono plik: okok.jfif
[2024-11-02T10:03:22.540Z] Zmieniono plik: okok.jfif
[2024-11-02T10:03:22.540Z] Zmieniono plik: okok.jfif
[2024-11-02T10:03:22.541Z] Zmieniono plik: okok.jfif
[2024-11-02T10:03:31.485Z] Dodano nowy plik: zadyma.jfif.crdownload
[2024-11-02T10:03:31.486Z] Zmieniono plik: zadyma.jfif.crdownload
[2024-11-02T10:03:31.502Z] Usunięto plik: zadyma.jfif.crdownload
[2024-11-02T10:03:31.504Z] Dodano nowy plik: zadyma.jfif
[2024-11-02T10:03:31.505Z] Zmieniono plik: zadyma.jfif
[2024-11-02T10:03:31.585Z] Zmieniono plik: zadyma.jfif
[2024-11-02T10:03:31.585Z] Zmieniono plik: zadyma.jfif
[2024-11-02T10:03:31.586Z] Zmieniono plik: zadyma.jfif
[2024-11-02T10:03:40.397Z] Dodano nowy plik: jakis ziut.jfif.crdownload
[2024-11-02T10:03:40.398Z] Zmieniono plik: jakis ziut.jfif.crdownload
[2024-11-02T10:03:40.414Z] Usunięto plik: jakis ziut.jfif.crdownload
[2024-11-02T10:03:40.415Z] Dodano nowy plik: jakis ziut.jfif
[2024-11-02T10:03:40.417Z] Zmieniono plik: jakis ziut.jfif
[2024-11-02T10:03:40.499Z] Zmieniono plik: jakis ziut.jfif
[2024-11-02T10:03:40.500Z] Zmieniono plik: jakis ziut.jfif
[2024-11-02T10:03:40.500Z] Zmieniono plik: jakis ziut.jfif
